
                           Design Compiler Graphical 
                                 DC Ultra (TM)
                                  DFTMAX (TM)
                              Power Compiler (TM)
                                 DesignWare (R)
                                 DC Expert (TM)
                               Design Vision (TM)
                               HDL Compiler (TM)
                               VHDL Compiler (TM)
                                  DFT Compiler
                               Design Compiler(R)

                 Version S-2021.06 for linux64 - Jun 17, 2021 

                    Copyright (c) 1988 - 2021 Synopsys, Inc.
   This software and the associated documentation are proprietary to Synopsys,
 Inc. This software may only be used in accordance with the terms and conditions
 of a written license agreement with Synopsys, Inc. All other use, reproduction,
   or distribution of this software is strictly prohibited.  Licensed Products
     communicate with Synopsys servers for the purpose of providing software
    updates, detecting software piracy and verifying that customers are using
    Licensed Products in conformity with the applicable License Key for such
  Licensed Products. Synopsys will use information gathered in connection with
    this process to deliver software updates and pursue software pirates and
                                   infringers.

 Inclusivity & Diversity - Visit SolvNetPlus to read the "Synopsys Statement on
            Inclusivity and Diversity" (Refer to article 000036315 at
                        https://solvnetplus.synopsys.com)
Initializing...
# ECE552 Extra Credit
read_file -format sverilog {simd_cell.sv}
Loading db file '/cae/apps/data/saed32_edk-2018/lib/stdcell_rvt/db_nldm/saed32rvt_tt0p85v25c.db'
Loading db file '/cae/apps/data/saed32_edk-2018/lib/io_std/db_nldm/saed32io_wb_tt1p05v25c_2p5v.db'
Loading db file '/cae/apps/data/synopsys-2021/syn/S-2021.06/libraries/syn/gtech.db'
Loading db file '/cae/apps/data/synopsys-2021/syn/S-2021.06/libraries/syn/standard.sldb'
  Loading link library 'saed32rvt_tt0p85v25c'
  Loading link library 'saed32io_wb_tt1p05v25c_2p5v'
  Loading link library 'gtech'
Detecting input file type automatically (-rtl or -netlist).
Reading with Presto HDL Compiler (equivalent to -rtl option).
Running PRESTO HDLC
Compiling source file /filespace/z/zpan52/Desktop/syn_script/synthesis/32nm_rvt/all/tlutMul_largeA/simd_cell.sv
Opening include file DEF.sv
Opening include file accumulator_weight.sv
Opening include file DEF.sv
Opening include file cmp.sv
Opening include file DEF.sv
Opening include file register_product.sv
Opening include file DEF.sv
Opening include file register_weight.sv
Opening include file DEF.sv
Opening include file register_input.sv
Opening include file DEF.sv
Opening include file rollover_cnt.sv
Opening include file DEF.sv

Inferred memory devices in process
	in routine accumulator_weight line 15 in file
		'accumulator_weight.sv'.
===============================================================================
|    Register Name    |   Type    | Width | Bus | MB | AR | AS | SR | SS | ST |
===============================================================================
|      sum__reg       | Flip-flop |  12   |  Y  | N  | Y  | N  | N  | N  | N  |
===============================================================================

Inferred memory devices in process
	in routine cmp line 15 in file
		'cmp.sv'.
===============================================================================
|    Register Name    |   Type    | Width | Bus | MB | AR | AS | SR | SS | ST |
===============================================================================
|      cmp__reg       | Flip-flop |  32   |  Y  | N  | Y  | N  | N  | N  | N  |
===============================================================================

Inferred memory devices in process
	in routine register_product line 16 in file
		'register_product.sv'.
===============================================================================
|    Register Name    |   Type    | Width | Bus | MB | AR | AS | SR | SS | ST |
===============================================================================
|      out__reg       | Flip-flop |  384  |  Y  | N  | Y  | N  | N  | N  | N  |
===============================================================================

Inferred memory devices in process
	in routine register_weight line 13 in file
		'register_weight.sv'.
===============================================================================
|    Register Name    |   Type    | Width | Bus | MB | AR | AS | SR | SS | ST |
===============================================================================
|      out__reg       | Flip-flop |   8   |  Y  | N  | Y  | N  | N  | N  | N  |
===============================================================================

Inferred memory devices in process
	in routine register_input line 13 in file
		'register_input.sv'.
===============================================================================
|    Register Name    |   Type    | Width | Bus | MB | AR | AS | SR | SS | ST |
===============================================================================
|      out__reg       | Flip-flop |  128  |  Y  | N  | Y  | N  | N  | N  | N  |
===============================================================================

Inferred memory devices in process
	in routine rollover_cnt line 14 in file
		'rollover_cnt.sv'.
===============================================================================
|    Register Name    |   Type    | Width | Bus | MB | AR | AS | SR | SS | ST |
===============================================================================
|       cnt_reg       | Flip-flop |   4   |  Y  | N  | Y  | N  | N  | N  | N  |
===============================================================================
Presto compilation completed successfully.
Loaded 7 designs.
Current design is 'accumulator_weight'.
accumulator_weight cmp register_product register_weight register_input rollover_cnt simd_cell
set current_design simd_cell
simd_cell
link

  Linking design 'simd_cell'
  Using the following designs and libraries:
  --------------------------------------------------------------------------
  simd_cell                   /filespace/z/zpan52/Desktop/syn_script/synthesis/32nm_rvt/all/tlutMul_largeA/simd_cell.db
  saed32rvt_tt0p85v25c (library) /cae/apps/data/saed32_edk-2018/lib/stdcell_rvt/db_nldm/saed32rvt_tt0p85v25c.db
  saed32io_wb_tt1p05v25c_2p5v (library) /cae/apps/data/saed32_edk-2018/lib/io_std/db_nldm/saed32io_wb_tt1p05v25c_2p5v.db
  * (6 designs)               /filespace/z/zpan52/Desktop/syn_script/synthesis/32nm_rvt/all/tlutMul_largeA/accumulator_weight.db, etc

1
###########################################
# Define clock and set don't mess with it #
###########################################
# clk with frequency of 400 MHz
create_clock -name "clk" -period 2.5 -waveform { 0 1.25 } { clk }
1
set_dont_touch_network [find port clk]
1
# pointer to all inputs except clk
set prim_inputs [remove_from_collection [all_inputs] [find port clk]]
{rst_n enable input_bin[31][3] input_bin[31][2] input_bin[31][1] input_bin[31][0] input_bin[30][3] input_bin[30][2] input_bin[30][1] input_bin[30][0] input_bin[29][3] input_bin[29][2] input_bin[29][1] input_bin[29][0] input_bin[28][3] input_bin[28][2] input_bin[28][1] input_bin[28][0] input_bin[27][3] input_bin[27][2] input_bin[27][1] input_bin[27][0] input_bin[26][3] input_bin[26][2] input_bin[26][1] input_bin[26][0] input_bin[25][3] input_bin[25][2] input_bin[25][1] input_bin[25][0] input_bin[24][3] input_bin[24][2] input_bin[24][1] input_bin[24][0] input_bin[23][3] input_bin[23][2] input_bin[23][1] input_bin[23][0] input_bin[22][3] input_bin[22][2] input_bin[22][1] input_bin[22][0] input_bin[21][3] input_bin[21][2] input_bin[21][1] input_bin[21][0] input_bin[20][3] input_bin[20][2] input_bin[20][1] input_bin[20][0] input_bin[19][3] input_bin[19][2] input_bin[19][1] input_bin[19][0] input_bin[18][3] input_bin[18][2] input_bin[18][1] input_bin[18][0] input_bin[17][3] input_bin[17][2] input_bin[17][1] input_bin[17][0] input_bin[16][3] input_bin[16][2] input_bin[16][1] input_bin[16][0] input_bin[15][3] input_bin[15][2] input_bin[15][1] input_bin[15][0] input_bin[14][3] input_bin[14][2] input_bin[14][1] input_bin[14][0] input_bin[13][3] input_bin[13][2] input_bin[13][1] input_bin[13][0] input_bin[12][3] input_bin[12][2] input_bin[12][1] input_bin[12][0] input_bin[11][3] input_bin[11][2] input_bin[11][1] input_bin[11][0] input_bin[10][3] input_bin[10][2] input_bin[10][1] input_bin[10][0] input_bin[9][3] input_bin[9][2] input_bin[9][1] input_bin[9][0] input_bin[8][3] input_bin[8][2] input_bin[8][1] input_bin[8][0] input_bin[7][3] input_bin[7][2] ...}
# pointer to all inputs except clk and rst_n
set prim_inputs_no_rst [remove_from_collection $prim_inputs [find port rst_n]]
{enable input_bin[31][3] input_bin[31][2] input_bin[31][1] input_bin[31][0] input_bin[30][3] input_bin[30][2] input_bin[30][1] input_bin[30][0] input_bin[29][3] input_bin[29][2] input_bin[29][1] input_bin[29][0] input_bin[28][3] input_bin[28][2] input_bin[28][1] input_bin[28][0] input_bin[27][3] input_bin[27][2] input_bin[27][1] input_bin[27][0] input_bin[26][3] input_bin[26][2] input_bin[26][1] input_bin[26][0] input_bin[25][3] input_bin[25][2] input_bin[25][1] input_bin[25][0] input_bin[24][3] input_bin[24][2] input_bin[24][1] input_bin[24][0] input_bin[23][3] input_bin[23][2] input_bin[23][1] input_bin[23][0] input_bin[22][3] input_bin[22][2] input_bin[22][1] input_bin[22][0] input_bin[21][3] input_bin[21][2] input_bin[21][1] input_bin[21][0] input_bin[20][3] input_bin[20][2] input_bin[20][1] input_bin[20][0] input_bin[19][3] input_bin[19][2] input_bin[19][1] input_bin[19][0] input_bin[18][3] input_bin[18][2] input_bin[18][1] input_bin[18][0] input_bin[17][3] input_bin[17][2] input_bin[17][1] input_bin[17][0] input_bin[16][3] input_bin[16][2] input_bin[16][1] input_bin[16][0] input_bin[15][3] input_bin[15][2] input_bin[15][1] input_bin[15][0] input_bin[14][3] input_bin[14][2] input_bin[14][1] input_bin[14][0] input_bin[13][3] input_bin[13][2] input_bin[13][1] input_bin[13][0] input_bin[12][3] input_bin[12][2] input_bin[12][1] input_bin[12][0] input_bin[11][3] input_bin[11][2] input_bin[11][1] input_bin[11][0] input_bin[10][3] input_bin[10][2] input_bin[10][1] input_bin[10][0] input_bin[9][3] input_bin[9][2] input_bin[9][1] input_bin[9][0] input_bin[8][3] input_bin[8][2] input_bin[8][1] input_bin[8][0] input_bin[7][3] input_bin[7][2] input_bin[7][1] ...}
# Set clk uncertainty (skew)
set_clock_uncertainty 0.15 clk
1
#########################################
# Set input delay & drive on all inputs #
#########################################
set_input_delay -clock clk 0.25 [copy_collection $prim_inputs]
1
#set_driving_cell -lib_cell ND2D2BWP -library tcbn40lpbwptc $prim_inputs_no_rst
# rst_n goes to many places so don't touch
set_dont_touch_network [find port rst_n]
1
##########################################
# Set output delay & load on all outputs #
##########################################
set_output_delay -clock clk 0.5 [all_outputs]
1
set_load 0.1 [all_outputs]
1
#############################################################
# Wire load model allows it to estimate internal parasitics #
#############################################################
# set_wire_load_model -name TSMC32K_Lowk_Conservative -library tcbn40lpbwptc
######################################################
# Max transition time is important for Hot-E reasons #
######################################################
set_max_transition 0.1 [current_design]
1
########################################
# Now actually synthesize for 1st time #
########################################
compile -map_effort medium
Warning: Setting attribute 'fix_multiple_port_nets' on design 'simd_cell'. (UIO-59)
Information: Evaluating DesignWare library utilization. (UISN-27)

============================================================================
| DesignWare Building Block Library  |         Version         | Available |
============================================================================
| Basic DW Building Blocks           | S-2021.06-DWBB_202106.0 |     *     |
| Licensed DW Building Blocks        |                         |           |
============================================================================


Information: There are 3 potential problems in your design. Please run 'check_design' for more information. (LINT-99)


Warning: Operating condition tt0p85v25c set on design simd_cell has different process,
voltage and temperatures parameters than the parameters at which target library 
saed32io_wb_tt1p05v25c_2p5v is characterized. Delays may be inaccurate as a result. (OPT-998)

  Beginning Pass 1 Mapping
  ------------------------
  Processing 'rollover_cnt'
  Processing 'register_product'
  Processing 'accumulator_weight'
  Processing 'cmp'
  Processing 'register_weight'
  Processing 'register_input'
  Processing 'simd_cell'

  Updating timing information
Information: Updating design information... (UID-85)

  Beginning Implementation Selection
  ----------------------------------
  Processing 'accumulator_weight_DW01_add_0_DW01_add_1'

  Beginning Mapping Optimizations  (Medium effort)
  -------------------------------

                                  TOTAL                                      
   ELAPSED            WORST NEG   SETUP    DESIGN                            
    TIME      AREA      SLACK     COST    RULE COST         ENDPOINT         
  --------- --------- --------- --------- --------- -------------------------
    0:00:02    6932.8      0.00       0.0       0.0                          
    0:00:02    6932.8      0.00       0.0       0.0                          
    0:00:02    6932.8      0.00       0.0       0.0                          
    0:00:02    6932.8      0.00       0.0       0.0                          
    0:00:02    6932.8      0.00       0.0       0.0                          
    0:00:02    6032.4      0.00       0.0       0.0                          
    0:00:02    6028.8      0.00       0.0       0.0                          
    0:00:02    6028.8      0.00       0.0       0.0                          
    0:00:02    6028.8      0.00       0.0       0.0                          
    0:00:02    6028.8      0.00       0.0       0.0                          
    0:00:02    6028.8      0.00       0.0       0.0                          
    0:00:02    6028.8      0.00       0.0       0.0                          
    0:00:02    6028.8      0.00       0.0       0.0                          
    0:00:02    6028.8      0.00       0.0       0.0                          



  Beginning Delay Optimization Phase
  ----------------------------------

                                  TOTAL                                      
   ELAPSED            WORST NEG   SETUP    DESIGN                            
    TIME      AREA      SLACK     COST    RULE COST         ENDPOINT         
  --------- --------- --------- --------- --------- -------------------------
    0:00:02    6028.8      0.00       0.0       0.0                          
    0:00:02    6028.8      0.00       0.0       0.0                          
    0:00:02    6013.6      0.00       0.0       0.0                          


  Beginning Design Rule Fixing  (max_transition)  (max_capacitance)
  ----------------------------

                                  TOTAL                                      
   ELAPSED            WORST NEG   SETUP    DESIGN                            
    TIME      AREA      SLACK     COST    RULE COST         ENDPOINT         
  --------- --------- --------- --------- --------- -------------------------
    0:00:02    6013.6      0.00       0.0      21.4                          
    0:00:02    6014.1      0.00       0.0       0.0                          


  Beginning Area-Recovery Phase  (cleanup)
  -----------------------------

                                  TOTAL                                      
   ELAPSED            WORST NEG   SETUP    DESIGN                            
    TIME      AREA      SLACK     COST    RULE COST         ENDPOINT         
  --------- --------- --------- --------- --------- -------------------------
    0:00:02    6014.1      0.00       0.0       0.0                          
    0:00:02    6014.1      0.00       0.0       0.0                          
    0:00:03    5993.5      0.00       0.0       0.0                          
    0:00:03    5993.5      0.00       0.0       0.0                          
    0:00:03    5993.5      0.00       0.0       0.0                          
    0:00:03    5993.5      0.00       0.0       0.0                          
    0:00:03    5994.7      0.00       0.0       0.0                          
    0:00:03    5994.7      0.00       0.0       0.0                          
    0:00:03    5994.7      0.00       0.0       0.0                          
    0:00:03    5994.7      0.00       0.0       0.0                          
    0:00:03    5994.7      0.00       0.0       0.0                          
    0:00:03    5994.7      0.00       0.0       0.0                          
    0:00:03    5994.7      0.00       0.0       0.0                          


Note: Symbol # after min delay cost means estimated hold TNS across all active scenarios 


  Optimization Complete
  ---------------------
1
check_design
 
****************************************
check_design summary:
Version:     S-2021.06
Date:        Wed Oct 27 09:41:54 2021
****************************************

                   Name                                            Total
--------------------------------------------------------------------------------
Inputs/Outputs                                                      6
    Unconnected ports (LINT-28)                                     6

Cells                                                               6
    Connected to power or ground (LINT-32)                          5
    Nets connected to multiple pins on same cell (LINT-33)          1
--------------------------------------------------------------------------------

Warning: In design 'accumulator_weight_DW01_add_0_DW01_add_1', port 'B[11]' is not connected to any nets. (LINT-28)
Warning: In design 'accumulator_weight_DW01_add_0_DW01_add_1', port 'B[10]' is not connected to any nets. (LINT-28)
Warning: In design 'accumulator_weight_DW01_add_0_DW01_add_1', port 'B[9]' is not connected to any nets. (LINT-28)
Warning: In design 'accumulator_weight_DW01_add_0_DW01_add_1', port 'B[8]' is not connected to any nets. (LINT-28)
Warning: In design 'accumulator_weight_DW01_add_0_DW01_add_1', port 'CI' is not connected to any nets. (LINT-28)
Warning: In design 'accumulator_weight_DW01_add_0_DW01_add_1', port 'CO' is not connected to any nets. (LINT-28)
Warning: In design 'accumulator_weight', a pin on submodule 'add_22' is connected to logic 1 or logic 0. (LINT-32)
   Pin 'B[11]' is connected to logic 0. 
Warning: In design 'accumulator_weight', a pin on submodule 'add_22' is connected to logic 1 or logic 0. (LINT-32)
   Pin 'B[10]' is connected to logic 0. 
Warning: In design 'accumulator_weight', a pin on submodule 'add_22' is connected to logic 1 or logic 0. (LINT-32)
   Pin 'B[9]' is connected to logic 0. 
Warning: In design 'accumulator_weight', a pin on submodule 'add_22' is connected to logic 1 or logic 0. (LINT-32)
   Pin 'B[8]' is connected to logic 0. 
Warning: In design 'accumulator_weight', a pin on submodule 'add_22' is connected to logic 1 or logic 0. (LINT-32)
   Pin 'CI' is connected to logic 0. 
Warning: In design 'accumulator_weight', the same net is connected to more than one pin on submodule 'add_22'. (LINT-33)
   Net 'n1' is connected to pins 'B[11]', 'B[10]'', 'B[9]', 'B[8]', 'CI'.
1
# Unflatten design now that its compiled
ungroup -all -flatten
Information: Updating graph... (UID-83)
1
# force hold time to be met for all flops
set_fix_hold clk
1
# Compile again with higher effort
compile -map_effort high

Information: There are 1 potential problems in your design. Please run 'check_design' for more information. (LINT-99)


Warning: Operating condition tt0p85v25c set on design simd_cell has different process,
voltage and temperatures parameters than the parameters at which target library 
saed32io_wb_tt1p05v25c_2p5v is characterized. Delays may be inaccurate as a result. (OPT-998)

  Beginning Pass 1 Mapping
  ------------------------
  Processing 'simd_cell'

  Updating timing information
Information: Updating design information... (UID-85)

  Beginning Mapping Optimizations  (High effort)
  -------------------------------

                                  TOTAL                                                  
   ELAPSED            WORST NEG   SETUP    DESIGN                              MIN DELAY 
    TIME      AREA      SLACK     COST    RULE COST         ENDPOINT             COST    
  --------- --------- --------- --------- --------- ------------------------- -----------
    0:00:00    6746.0      0.00       0.0     128.1                                0.00  
    0:00:00    6746.0      0.00       0.0     128.1                                0.00  
    0:00:00    6746.0      0.00       0.0     128.1                                0.00  
    0:00:01    6746.0      0.00       0.0     128.1                                0.00  
    0:00:01    6746.0      0.00       0.0     128.1                                0.00  
    0:00:01    6008.0      0.00       0.0       0.0                                0.00  
    0:00:01    6003.4      0.00       0.0       0.0                                0.00  
    0:00:01    6003.4      0.00       0.0       0.0                                0.00  
    0:00:01    6003.4      0.00       0.0       0.0                                0.00  
    0:00:01    6003.4      0.00       0.0       0.0                                0.00  
    0:00:01    6003.4      0.00       0.0       0.0                                0.00  
    0:00:01    6003.4      0.00       0.0       0.0                                0.00  
    0:00:01    6003.4      0.00       0.0       0.0                                0.00  
    0:00:01    6003.4      0.00       0.0       0.0                                0.00  



  Beginning Delay Optimization Phase
  ----------------------------------

                                  TOTAL                                                  
   ELAPSED            WORST NEG   SETUP    DESIGN                              MIN DELAY 
    TIME      AREA      SLACK     COST    RULE COST         ENDPOINT             COST    
  --------- --------- --------- --------- --------- ------------------------- -----------
    0:00:01    6003.4      0.00       0.0       0.0                                0.00  
    0:00:01    6003.4      0.00       0.0       0.0                                0.00  
    0:00:01    5940.6      0.00       0.0      14.3                                0.00  


  Beginning Design Rule Fixing  (max_transition)  (max_capacitance)
  ----------------------------

                                  TOTAL                                                  
   ELAPSED            WORST NEG   SETUP    DESIGN                              MIN DELAY 
    TIME      AREA      SLACK     COST    RULE COST         ENDPOINT             COST    
  --------- --------- --------- --------- --------- ------------------------- -----------
    0:00:01    5940.6      0.00       0.0      14.3                                0.00  
    0:00:01    5941.6      0.00       0.0       0.0                                0.00  


  Beginning Area-Recovery Phase  (cleanup)
  -----------------------------

                                  TOTAL                                                  
   ELAPSED            WORST NEG   SETUP    DESIGN                              MIN DELAY 
    TIME      AREA      SLACK     COST    RULE COST         ENDPOINT             COST    
  --------- --------- --------- --------- --------- ------------------------- -----------
    0:00:01    5941.6      0.00       0.0       0.0                                0.00  
    0:00:01    5941.6      0.00       0.0       0.0                                0.00  
    0:00:01    5912.7      0.00       0.0       0.0                                0.00  
    0:00:01    5902.5      0.00       0.0       0.0                                0.00  
    0:00:01    5893.6      0.00       0.0       0.0                                0.00  
    0:00:01    5889.8      0.00       0.0       0.0                                0.00  
    0:00:01    5889.8      0.00       0.0       0.0                                0.00  
    0:00:01    5889.8      0.00       0.0       0.0                                0.00  
    0:00:01    5889.8      0.00       0.0       0.0                                0.00  
    0:00:01    5887.5      0.00       0.0       0.0                                0.00  
    0:00:01    5887.5      0.00       0.0       0.0                                0.00  
    0:00:01    5887.5      0.00       0.0       0.0                                0.00  
    0:00:01    5887.5      0.00       0.0       0.0                                0.00  
    0:00:01    5887.5      0.00       0.0       0.0                                0.00  
    0:00:01    5887.5      0.00       0.0       0.0                                0.00  
    0:00:01    5887.5      0.00       0.0       0.0                                0.00  


Note: Symbol # after min delay cost means estimated hold TNS across all active scenarios 


  Optimization Complete
  ---------------------
1
check_design
1
#############################################
# Take a look at area, max, and min timings #
#############################################
report_area > simd_cell_area.txt
report_power > simd_cell_power.txt
report_timing -delay min > simd_cell_min_delay.txt
report_timing -delay max > simd_cell_max_delay.txt
#### write out final netlist ######
write -format verilog simd_cell -output simd_cell.vg
Writing verilog file '/filespace/z/zpan52/Desktop/syn_script/synthesis/32nm_rvt/all/tlutMul_largeA/simd_cell.vg'.
1
exit
Memory usage for this session 158 Mbytes.
Memory usage for this session including child processes 158 Mbytes.
CPU usage for this session 8 seconds ( 0.00 hours ).
Elapsed time for this session 10 seconds ( 0.00 hours ).

Thank you...
