
                           Design Compiler Graphical 
                                 DC Ultra (TM)
                                  DFTMAX (TM)
                              Power Compiler (TM)
                                 DesignWare (R)
                                 DC Expert (TM)
                               Design Vision (TM)
                               HDL Compiler (TM)
                               VHDL Compiler (TM)
                                  DFT Compiler
                               Design Compiler(R)

                 Version S-2021.06 for linux64 - Jun 17, 2021 

                    Copyright (c) 1988 - 2021 Synopsys, Inc.
   This software and the associated documentation are proprietary to Synopsys,
 Inc. This software may only be used in accordance with the terms and conditions
 of a written license agreement with Synopsys, Inc. All other use, reproduction,
   or distribution of this software is strictly prohibited.  Licensed Products
     communicate with Synopsys servers for the purpose of providing software
    updates, detecting software piracy and verifying that customers are using
    Licensed Products in conformity with the applicable License Key for such
  Licensed Products. Synopsys will use information gathered in connection with
    this process to deliver software updates and pursue software pirates and
                                   infringers.

 Inclusivity & Diversity - Visit SolvNetPlus to read the "Synopsys Statement on
            Inclusivity and Diversity" (Refer to article 000036315 at
                        https://solvnetplus.synopsys.com)
Initializing...
# ECE552 Extra Credit
read_file -format sverilog {register_product.sv}
Loading db file '/cae/apps/data/saed32_edk-2018/lib/stdcell_rvt/db_nldm/saed32rvt_tt0p85v25c.db'
Loading db file '/cae/apps/data/saed32_edk-2018/lib/io_std/db_nldm/saed32io_wb_tt1p05v25c_2p5v.db'
Loading db file '/cae/apps/data/synopsys-2021/syn/S-2021.06/libraries/syn/gtech.db'
Loading db file '/cae/apps/data/synopsys-2021/syn/S-2021.06/libraries/syn/standard.sldb'
  Loading link library 'saed32rvt_tt0p85v25c'
  Loading link library 'saed32io_wb_tt1p05v25c_2p5v'
  Loading link library 'gtech'
Detecting input file type automatically (-rtl or -netlist).
Reading with Presto HDL Compiler (equivalent to -rtl option).
Running PRESTO HDLC
Compiling source file /filespace/z/zpan52/Desktop/syn_script/synthesis/32nm_rvt/all/baslineMul_largeA_32_8/register_product.sv
Opening include file DEF.sv

Inferred memory devices in process
	in routine register_product line 16 in file
		'/filespace/z/zpan52/Desktop/syn_script/synthesis/32nm_rvt/all/baslineMul_largeA_32_8/register_product.sv'.
===============================================================================
|    Register Name    |   Type    | Width | Bus | MB | AR | AS | SR | SS | ST |
===============================================================================
|      out__reg       | Flip-flop | 3072  |  Y  | N  | Y  | N  | N  | N  | N  |
===============================================================================
Presto compilation completed successfully.
Loaded 1 design.
Current design is 'register_product'.
register_product
set current_design register_product
register_product
link

  Linking design 'register_product'
  Using the following designs and libraries:
  --------------------------------------------------------------------------
  register_product            /filespace/z/zpan52/Desktop/syn_script/synthesis/32nm_rvt/all/baslineMul_largeA_32_8/register_product.db
  saed32rvt_tt0p85v25c (library) /cae/apps/data/saed32_edk-2018/lib/stdcell_rvt/db_nldm/saed32rvt_tt0p85v25c.db
  saed32io_wb_tt1p05v25c_2p5v (library) /cae/apps/data/saed32_edk-2018/lib/io_std/db_nldm/saed32io_wb_tt1p05v25c_2p5v.db

1
###########################################
# Define clock and set don't mess with it #
###########################################
# clk with frequency of 400 MHz
create_clock -name "clk" -period 2.5 -waveform { 0 1.25 } { clk }
1
set_dont_touch_network [find port clk]
1
# pointer to all inputs except clk
set prim_inputs [remove_from_collection [all_inputs] [find port clk]]
{rst_n enable[31] enable[30] enable[29] enable[28] enable[27] enable[26] enable[25] enable[24] enable[23] enable[22] enable[21] enable[20] enable[19] enable[18] enable[17] enable[16] enable[15] enable[14] enable[13] enable[12] enable[11] enable[10] enable[9] enable[8] enable[7] enable[6] enable[5] enable[4] enable[3] enable[2] enable[1] enable[0] in[7][31][11] in[7][31][10] in[7][31][9] in[7][31][8] in[7][31][7] in[7][31][6] in[7][31][5] in[7][31][4] in[7][31][3] in[7][31][2] in[7][31][1] in[7][31][0] in[7][30][11] in[7][30][10] in[7][30][9] in[7][30][8] in[7][30][7] in[7][30][6] in[7][30][5] in[7][30][4] in[7][30][3] in[7][30][2] in[7][30][1] in[7][30][0] in[7][29][11] in[7][29][10] in[7][29][9] in[7][29][8] in[7][29][7] in[7][29][6] in[7][29][5] in[7][29][4] in[7][29][3] in[7][29][2] in[7][29][1] in[7][29][0] in[7][28][11] in[7][28][10] in[7][28][9] in[7][28][8] in[7][28][7] in[7][28][6] in[7][28][5] in[7][28][4] in[7][28][3] in[7][28][2] in[7][28][1] in[7][28][0] in[7][27][11] in[7][27][10] in[7][27][9] in[7][27][8] in[7][27][7] in[7][27][6] in[7][27][5] in[7][27][4] in[7][27][3] in[7][27][2] in[7][27][1] in[7][27][0] in[7][26][11] in[7][26][10] in[7][26][9] in[7][26][8] in[7][26][7] in[7][26][6] in[7][26][5] ...}
# pointer to all inputs except clk and rst_n
set prim_inputs_no_rst [remove_from_collection $prim_inputs [find port rst_n]]
{enable[31] enable[30] enable[29] enable[28] enable[27] enable[26] enable[25] enable[24] enable[23] enable[22] enable[21] enable[20] enable[19] enable[18] enable[17] enable[16] enable[15] enable[14] enable[13] enable[12] enable[11] enable[10] enable[9] enable[8] enable[7] enable[6] enable[5] enable[4] enable[3] enable[2] enable[1] enable[0] in[7][31][11] in[7][31][10] in[7][31][9] in[7][31][8] in[7][31][7] in[7][31][6] in[7][31][5] in[7][31][4] in[7][31][3] in[7][31][2] in[7][31][1] in[7][31][0] in[7][30][11] in[7][30][10] in[7][30][9] in[7][30][8] in[7][30][7] in[7][30][6] in[7][30][5] in[7][30][4] in[7][30][3] in[7][30][2] in[7][30][1] in[7][30][0] in[7][29][11] in[7][29][10] in[7][29][9] in[7][29][8] in[7][29][7] in[7][29][6] in[7][29][5] in[7][29][4] in[7][29][3] in[7][29][2] in[7][29][1] in[7][29][0] in[7][28][11] in[7][28][10] in[7][28][9] in[7][28][8] in[7][28][7] in[7][28][6] in[7][28][5] in[7][28][4] in[7][28][3] in[7][28][2] in[7][28][1] in[7][28][0] in[7][27][11] in[7][27][10] in[7][27][9] in[7][27][8] in[7][27][7] in[7][27][6] in[7][27][5] in[7][27][4] in[7][27][3] in[7][27][2] in[7][27][1] in[7][27][0] in[7][26][11] in[7][26][10] in[7][26][9] in[7][26][8] in[7][26][7] in[7][26][6] in[7][26][5] in[7][26][4] ...}
# Set clk uncertainty (skew)
set_clock_uncertainty 0.15 clk
1
#########################################
# Set input delay & drive on all inputs #
#########################################
set_input_delay -clock clk 0.25 [copy_collection $prim_inputs]
1
#set_driving_cell -lib_cell ND2D2BWP -library tcbn40lpbwptc $prim_inputs_no_rst
# rst_n goes to many places so don't touch
set_dont_touch_network [find port rst_n]
1
##########################################
# Set output delay & load on all outputs #
##########################################
set_output_delay -clock clk 0.5 [all_outputs]
1
set_load 0.1 [all_outputs]
1
#############################################################
# Wire load model allows it to estimate internal parasitics #
#############################################################
# set_wire_load_model -name TSMC32K_Lowk_Conservative -library tcbn40lpbwptc
######################################################
# Max transition time is important for Hot-E reasons #
######################################################
set_max_transition 0.1 [current_design]
1
########################################
# Now actually synthesize for 1st time #
########################################
compile -map_effort medium
Warning: Setting attribute 'fix_multiple_port_nets' on design 'register_product'. (UIO-59)
Information: Evaluating DesignWare library utilization. (UISN-27)

============================================================================
| DesignWare Building Block Library  |         Version         | Available |
============================================================================
| Basic DW Building Blocks           | S-2021.06-DWBB_202106.0 |     *     |
| Licensed DW Building Blocks        |                         |           |
============================================================================


Information: There are 24 potential problems in your design. Please run 'check_design' for more information. (LINT-99)


Warning: Operating condition tt0p85v25c set on design register_product has different process,
voltage and temperatures parameters than the parameters at which target library 
saed32io_wb_tt1p05v25c_2p5v is characterized. Delays may be inaccurate as a result. (OPT-998)

  Beginning Pass 1 Mapping
  ------------------------
  Processing 'register_product'

  Updating timing information
Information: Updating design information... (UID-85)

  Beginning Mapping Optimizations  (Medium effort)
  -------------------------------

                                  TOTAL                                      
   ELAPSED            WORST NEG   SETUP    DESIGN                            
    TIME      AREA      SLACK     COST    RULE COST         ENDPOINT         
  --------- --------- --------- --------- --------- -------------------------
    0:00:07   40142.6      0.43    1141.2       0.0                          
    0:00:07   40142.6      0.43    1141.2       0.0                          
    0:00:07   40142.6      0.43    1141.2       0.0                          
    0:00:07   40142.6      0.43    1141.2       0.0                          
    0:00:07   40142.6      0.43    1141.2       0.0                          
    0:00:08   30806.3      0.00       0.0       0.0                          
    0:00:09   30806.3      0.00       0.0       0.0                          
    0:00:09   30806.3      0.00       0.0       0.0                          
    0:00:09   30806.3      0.00       0.0       0.0                          
    0:00:09   30806.3      0.00       0.0       0.0                          
    0:00:09   30806.3      0.00       0.0       0.0                          
    0:00:09   30806.3      0.00       0.0       0.0                          
    0:00:09   30806.3      0.00       0.0       0.0                          



  Beginning Delay Optimization Phase
  ----------------------------------

                                  TOTAL                                      
   ELAPSED            WORST NEG   SETUP    DESIGN                            
    TIME      AREA      SLACK     COST    RULE COST         ENDPOINT         
  --------- --------- --------- --------- --------- -------------------------
    0:00:09   30806.3      0.00       0.0       0.0                          
    0:00:09   30806.3      0.00       0.0       0.0                          
    0:00:09   30806.3      0.00       0.0       0.0                          


  Beginning Area-Recovery Phase  (cleanup)
  -----------------------------

                                  TOTAL                                      
   ELAPSED            WORST NEG   SETUP    DESIGN                            
    TIME      AREA      SLACK     COST    RULE COST         ENDPOINT         
  --------- --------- --------- --------- --------- -------------------------
    0:00:09   30806.3      0.00       0.0       0.0                          
    0:00:09   30806.3      0.00       0.0       0.0                          
    0:00:09   30796.2      0.00       0.0       0.0                          
    0:00:09   30786.0      0.00       0.0       0.0                          
    0:00:09   30775.8      0.00       0.0       0.0                          
    0:00:10   30765.7      0.00       0.0       0.0                          
    0:00:10   30755.5      0.00       0.0       0.0                          
    0:00:10   30745.3      0.00       0.0       0.0                          
    0:00:10   30735.2      0.00       0.0       0.0                          
    0:00:10   30725.0      0.00       0.0       0.0                          
    0:00:10   30714.8      0.00       0.0       0.0                          
    0:00:11   30704.7      0.00       0.0       0.0                          
    0:00:11   30694.5      0.00       0.0       0.0                          
    0:00:11   30684.3      0.00       0.0       0.0                          
    0:00:11   30674.2      0.00       0.0       0.0                          
    0:00:12   30664.0      0.00       0.0       0.0                          
    0:00:13   30653.8      0.00       0.0       0.0                          
    0:00:13   30643.7      0.00       0.0       0.0                          
    0:00:13   30633.5      0.00       0.0       0.0                          
    0:00:13   30623.3      0.00       0.0       0.0                          
    0:00:13   30613.2      0.00       0.0       0.0                          
    0:00:13   30603.0      0.00       0.0       0.0                          
    0:00:14   30592.8      0.00       0.0       0.0                          
    0:00:14   30592.8      0.00       0.0       0.0                          
    0:00:14   30592.8      0.00       0.0       0.0                          
    0:00:14   30592.8      0.00       0.0       0.0                          
    0:00:14   30592.8      0.00       0.0       0.0                          
    0:00:14   30592.8      0.00       0.0       0.0                          
    0:00:14   30592.8      0.00       0.0       0.0                          
    0:00:14   30592.8      0.00       0.0       0.0                          
    0:00:14   30592.8      0.00       0.0       0.0                          


Note: Symbol # after min delay cost means estimated hold TNS across all active scenarios 


  Optimization Complete
  ---------------------
Warning: Design 'register_product' contains 2 high-fanout nets. A fanout number of 1000 will be used for delay calculations involving these nets. (TIM-134)
1
check_design
 
****************************************
check_design summary:
Version:     S-2021.06
Date:        Thu Oct 28 19:10:20 2021
****************************************

                   Name                                            Total
--------------------------------------------------------------------------------
Inputs/Outputs                                                     24
    Unconnected ports (LINT-28)                                    24
--------------------------------------------------------------------------------

Warning: In design 'register_product', port 'enable[31]' is not connected to any nets. (LINT-28)
Warning: In design 'register_product', port 'enable[30]' is not connected to any nets. (LINT-28)
Warning: In design 'register_product', port 'enable[29]' is not connected to any nets. (LINT-28)
Warning: In design 'register_product', port 'enable[28]' is not connected to any nets. (LINT-28)
Warning: In design 'register_product', port 'enable[27]' is not connected to any nets. (LINT-28)
Warning: In design 'register_product', port 'enable[26]' is not connected to any nets. (LINT-28)
Warning: In design 'register_product', port 'enable[25]' is not connected to any nets. (LINT-28)
Warning: In design 'register_product', port 'enable[24]' is not connected to any nets. (LINT-28)
Warning: In design 'register_product', port 'enable[23]' is not connected to any nets. (LINT-28)
Warning: In design 'register_product', port 'enable[22]' is not connected to any nets. (LINT-28)
Warning: In design 'register_product', port 'enable[21]' is not connected to any nets. (LINT-28)
Warning: In design 'register_product', port 'enable[20]' is not connected to any nets. (LINT-28)
Warning: In design 'register_product', port 'enable[19]' is not connected to any nets. (LINT-28)
Warning: In design 'register_product', port 'enable[18]' is not connected to any nets. (LINT-28)
Warning: In design 'register_product', port 'enable[17]' is not connected to any nets. (LINT-28)
Warning: In design 'register_product', port 'enable[16]' is not connected to any nets. (LINT-28)
Warning: In design 'register_product', port 'enable[15]' is not connected to any nets. (LINT-28)
Warning: In design 'register_product', port 'enable[14]' is not connected to any nets. (LINT-28)
Warning: In design 'register_product', port 'enable[13]' is not connected to any nets. (LINT-28)
Warning: In design 'register_product', port 'enable[12]' is not connected to any nets. (LINT-28)
Warning: In design 'register_product', port 'enable[11]' is not connected to any nets. (LINT-28)
Warning: In design 'register_product', port 'enable[10]' is not connected to any nets. (LINT-28)
Warning: In design 'register_product', port 'enable[9]' is not connected to any nets. (LINT-28)
Warning: In design 'register_product', port 'enable[8]' is not connected to any nets. (LINT-28)
1
# Unflatten design now that its compiled
ungroup -all -flatten
Warning: Design has no hierarchy.  No cells can be ungrouped. (UID-228)
0
# force hold time to be met for all flops
set_fix_hold clk
1
# Compile again with higher effort
compile -map_effort high

Information: There are 24 potential problems in your design. Please run 'check_design' for more information. (LINT-99)


Warning: Operating condition tt0p85v25c set on design register_product has different process,
voltage and temperatures parameters than the parameters at which target library 
saed32io_wb_tt1p05v25c_2p5v is characterized. Delays may be inaccurate as a result. (OPT-998)

  Beginning Pass 1 Mapping
  ------------------------
  Processing 'register_product'

  Updating timing information
Information: Updating design information... (UID-85)

  Beginning Mapping Optimizations  (High effort)
  -------------------------------

                                  TOTAL                                                  
   ELAPSED            WORST NEG   SETUP    DESIGN                              MIN DELAY 
    TIME      AREA      SLACK     COST    RULE COST         ENDPOINT             COST    
  --------- --------- --------- --------- --------- ------------------------- -----------
    0:00:04   40142.6      0.00       0.0       0.0                                0.00  
    0:00:04   40142.6      0.00       0.0       0.0                                0.00  
    0:00:04   40142.6      0.00       0.0       0.0                                0.00  
    0:00:04   40142.6      0.00       0.0       0.0                                0.00  
    0:00:04   40142.6      0.00       0.0       0.0                                0.00  
    0:00:05   30806.3      0.00       0.0       0.0                                0.00  
    0:00:05   30806.3      0.00       0.0       0.0                                0.00  
    0:00:05   30806.3      0.00       0.0       0.0                                0.00  
    0:00:05   30806.3      0.00       0.0       0.0                                0.00  
    0:00:05   30806.3      0.00       0.0       0.0                                0.00  
    0:00:05   30806.3      0.00       0.0       0.0                                0.00  
    0:00:05   30806.3      0.00       0.0       0.0                                0.00  
    0:00:05   30806.3      0.00       0.0       0.0                                0.00  



  Beginning Delay Optimization Phase
  ----------------------------------

                                  TOTAL                                                  
   ELAPSED            WORST NEG   SETUP    DESIGN                              MIN DELAY 
    TIME      AREA      SLACK     COST    RULE COST         ENDPOINT             COST    
  --------- --------- --------- --------- --------- ------------------------- -----------
    0:00:05   30806.3      0.00       0.0       0.0                                0.00  
    0:00:05   30806.3      0.00       0.0       0.0                                0.00  
    0:00:05   30806.3      0.00       0.0       0.0                                0.00  


  Beginning Area-Recovery Phase  (cleanup)
  -----------------------------

                                  TOTAL                                                  
   ELAPSED            WORST NEG   SETUP    DESIGN                              MIN DELAY 
    TIME      AREA      SLACK     COST    RULE COST         ENDPOINT             COST    
  --------- --------- --------- --------- --------- ------------------------- -----------
    0:00:05   30806.3      0.00       0.0       0.0                                0.00  
    0:00:05   30806.3      0.00       0.0       0.0                                0.00  
    0:00:06   30796.2      0.00       0.0       0.0                                0.00  
    0:00:06   30786.0      0.00       0.0       0.0                                0.00  
    0:00:06   30775.8      0.00       0.0       0.0                                0.00  
    0:00:06   30765.7      0.00       0.0       0.0                                0.00  
    0:00:07   30755.5      0.00       0.0       0.0                                0.00  
    0:00:07   30745.3      0.00       0.0       0.0                                0.00  
    0:00:07   30735.2      0.00       0.0       0.0                                0.00  
    0:00:07   30725.0      0.00       0.0       0.0                                0.00  
    0:00:07   30714.8      0.00       0.0       0.0                                0.00  
    0:00:07   30704.7      0.00       0.0       0.0                                0.00  
    0:00:08   30694.5      0.00       0.0       0.0                                0.00  
    0:00:08   30684.3      0.00       0.0       0.0                                0.00  
    0:00:08   30674.2      0.00       0.0       0.0                                0.00  
    0:00:08   30664.0      0.00       0.0       0.0                                0.00  
    0:00:08   30653.8      0.00       0.0       0.0                                0.00  
    0:00:09   30643.7      0.00       0.0       0.0                                0.00  
    0:00:09   30633.5      0.00       0.0       0.0                                0.00  
    0:00:09   30623.3      0.00       0.0       0.0                                0.00  
    0:00:09   30613.2      0.00       0.0       0.0                                0.00  
    0:00:10   30603.0      0.00       0.0       0.0                                0.00  
    0:00:10   30592.8      0.00       0.0       0.0                                0.00  
    0:00:10   30582.7      0.00       0.0       0.0                                0.00  
    0:00:10   30572.5      0.00       0.0       0.0                                0.00  
    0:00:10   30562.3      0.00       0.0       0.0                                0.00  
    0:00:10   30552.2      0.00       0.0       0.0                                0.00  
    0:00:11   30542.0      0.00       0.0       0.0                                0.00  
    0:00:11   30531.8      0.00       0.0       0.0                                0.00  
    0:00:11   30521.7      0.00       0.0       0.0                                0.00  
    0:00:12   30511.5      0.00       0.0       0.0                                0.00  
    0:00:12   30501.3      0.00       0.0       0.0                                0.00  
    0:00:12   30501.3      0.00       0.0       0.0                                0.00  
    0:00:12   30501.3      0.00       0.0       0.0                                0.00  
    0:00:12   30501.3      0.00       0.0       0.0                                0.00  
    0:00:12   30501.3      0.00       0.0       0.0                                0.00  
    0:00:12   30501.3      0.00       0.0       0.0                                0.00  
    0:00:12   30501.3      0.00       0.0       0.0                                0.00  
    0:00:12   30501.3      0.00       0.0       0.0                                0.00  
    0:00:12   30501.3      0.00       0.0       0.0                                0.00  


Note: Symbol # after min delay cost means estimated hold TNS across all active scenarios 


  Optimization Complete
  ---------------------
Warning: Design 'register_product' contains 2 high-fanout nets. A fanout number of 1000 will be used for delay calculations involving these nets. (TIM-134)
1
check_design
 
****************************************
check_design summary:
Version:     S-2021.06
Date:        Thu Oct 28 19:10:33 2021
****************************************

                   Name                                            Total
--------------------------------------------------------------------------------
Inputs/Outputs                                                     24
    Unconnected ports (LINT-28)                                    24
--------------------------------------------------------------------------------

Warning: In design 'register_product', port 'enable[31]' is not connected to any nets. (LINT-28)
Warning: In design 'register_product', port 'enable[30]' is not connected to any nets. (LINT-28)
Warning: In design 'register_product', port 'enable[29]' is not connected to any nets. (LINT-28)
Warning: In design 'register_product', port 'enable[28]' is not connected to any nets. (LINT-28)
Warning: In design 'register_product', port 'enable[27]' is not connected to any nets. (LINT-28)
Warning: In design 'register_product', port 'enable[26]' is not connected to any nets. (LINT-28)
Warning: In design 'register_product', port 'enable[25]' is not connected to any nets. (LINT-28)
Warning: In design 'register_product', port 'enable[24]' is not connected to any nets. (LINT-28)
Warning: In design 'register_product', port 'enable[23]' is not connected to any nets. (LINT-28)
Warning: In design 'register_product', port 'enable[22]' is not connected to any nets. (LINT-28)
Warning: In design 'register_product', port 'enable[21]' is not connected to any nets. (LINT-28)
Warning: In design 'register_product', port 'enable[20]' is not connected to any nets. (LINT-28)
Warning: In design 'register_product', port 'enable[19]' is not connected to any nets. (LINT-28)
Warning: In design 'register_product', port 'enable[18]' is not connected to any nets. (LINT-28)
Warning: In design 'register_product', port 'enable[17]' is not connected to any nets. (LINT-28)
Warning: In design 'register_product', port 'enable[16]' is not connected to any nets. (LINT-28)
Warning: In design 'register_product', port 'enable[15]' is not connected to any nets. (LINT-28)
Warning: In design 'register_product', port 'enable[14]' is not connected to any nets. (LINT-28)
Warning: In design 'register_product', port 'enable[13]' is not connected to any nets. (LINT-28)
Warning: In design 'register_product', port 'enable[12]' is not connected to any nets. (LINT-28)
Warning: In design 'register_product', port 'enable[11]' is not connected to any nets. (LINT-28)
Warning: In design 'register_product', port 'enable[10]' is not connected to any nets. (LINT-28)
Warning: In design 'register_product', port 'enable[9]' is not connected to any nets. (LINT-28)
Warning: In design 'register_product', port 'enable[8]' is not connected to any nets. (LINT-28)
1
#############################################
# Take a look at area, max, and min timings #
#############################################
report_area > register_product_area.txt
report_power > register_product_power.txt
report_timing -delay min > register_product_min_delay.txt
report_timing -delay max > register_product_max_delay.txt
#### write out final netlist ######
write -format verilog register_product -output register_product.vg
Writing verilog file '/filespace/z/zpan52/Desktop/syn_script/synthesis/32nm_rvt/all/baslineMul_largeA_32_8/register_product.vg'.
1
exit
Memory usage for this session 218 Mbytes.
Memory usage for this session including child processes 218 Mbytes.
CPU usage for this session 33 seconds ( 0.01 hours ).
Elapsed time for this session 35 seconds ( 0.01 hours ).

Thank you...
