
                           Design Compiler Graphical 
                                 DC Ultra (TM)
                                  DFTMAX (TM)
                              Power Compiler (TM)
                                 DesignWare (R)
                                 DC Expert (TM)
                               Design Vision (TM)
                               HDL Compiler (TM)
                               VHDL Compiler (TM)
                                  DFT Compiler
                               Design Compiler(R)

                 Version S-2021.06 for linux64 - Jun 17, 2021 

                    Copyright (c) 1988 - 2021 Synopsys, Inc.
   This software and the associated documentation are proprietary to Synopsys,
 Inc. This software may only be used in accordance with the terms and conditions
 of a written license agreement with Synopsys, Inc. All other use, reproduction,
   or distribution of this software is strictly prohibited.  Licensed Products
     communicate with Synopsys servers for the purpose of providing software
    updates, detecting software piracy and verifying that customers are using
    Licensed Products in conformity with the applicable License Key for such
  Licensed Products. Synopsys will use information gathered in connection with
    this process to deliver software updates and pursue software pirates and
                                   infringers.

 Inclusivity & Diversity - Visit SolvNetPlus to read the "Synopsys Statement on
            Inclusivity and Diversity" (Refer to article 000036315 at
                        https://solvnetplus.synopsys.com)
Initializing...
# ECE552 Extra Credit
read_file -format sverilog {multiplier.sv}
Loading db file '/cae/apps/data/saed32_edk-2018/lib/stdcell_rvt/db_nldm/saed32rvt_tt0p85v25c.db'
Loading db file '/cae/apps/data/saed32_edk-2018/lib/io_std/db_nldm/saed32io_wb_tt1p05v25c_2p5v.db'
Loading db file '/cae/apps/data/synopsys-2021/syn/S-2021.06/libraries/syn/gtech.db'
Loading db file '/cae/apps/data/synopsys-2021/syn/S-2021.06/libraries/syn/standard.sldb'
  Loading link library 'saed32rvt_tt0p85v25c'
  Loading link library 'saed32io_wb_tt1p05v25c_2p5v'
  Loading link library 'gtech'
Detecting input file type automatically (-rtl or -netlist).
Reading with Presto HDL Compiler (equivalent to -rtl option).
Running PRESTO HDLC
Compiling source file /filespace/z/zpan52/Desktop/syn_script/synthesis/32nm_rvt/all/baslineMul_smallA/multiplier.sv
Opening include file DEF.sv
Presto compilation completed successfully.
Loaded 1 design.
Current design is 'multiplier'.
multiplier
set current_design multiplier
multiplier
link

  Linking design 'multiplier'
  Using the following designs and libraries:
  --------------------------------------------------------------------------
  multiplier                  /filespace/z/zpan52/Desktop/syn_script/synthesis/32nm_rvt/all/baslineMul_smallA/multiplier.db
  saed32rvt_tt0p85v25c (library) /cae/apps/data/saed32_edk-2018/lib/stdcell_rvt/db_nldm/saed32rvt_tt0p85v25c.db
  saed32io_wb_tt1p05v25c_2p5v (library) /cae/apps/data/saed32_edk-2018/lib/io_std/db_nldm/saed32io_wb_tt1p05v25c_2p5v.db

1
###########################################
# Define clock and set don't mess with it #
###########################################
# clk with frequency of 400 MHz
create_clock -name "clk" -period 2.5 -waveform { 0 1.25 } { clk }
Warning: Can't find object 'clk' in design 'multiplier'. (UID-95)
Error: Value for list 'source_objects' must have 1 elements. (CMD-036)
0
set_dont_touch_network [find port clk]
Warning: Can't find port 'clk' in design 'multiplier'. (UID-95)
Error: Value for list '<object_list>' must have 1 elements. (CMD-036)
0
# pointer to all inputs except clk
set prim_inputs [remove_from_collection [all_inputs] [find port clk]]
Warning: Can't find port 'clk' in design 'multiplier'. (UID-95)
{in4[7][3] in4[7][2] in4[7][1] in4[7][0] in4[6][3] in4[6][2] in4[6][1] in4[6][0] in4[5][3] in4[5][2] in4[5][1] in4[5][0] in4[4][3] in4[4][2] in4[4][1] in4[4][0] in4[3][3] in4[3][2] in4[3][1] in4[3][0] in4[2][3] in4[2][2] in4[2][1] in4[2][0] in4[1][3] in4[1][2] in4[1][1] in4[1][0] in4[0][3] in4[0][2] in4[0][1] in4[0][0] in8[0][7] in8[0][6] in8[0][5] in8[0][4] in8[0][3] in8[0][2] in8[0][1] in8[0][0]}
# pointer to all inputs except clk and rst_n
set prim_inputs_no_rst [remove_from_collection $prim_inputs [find port rst_n]]
Warning: Can't find port 'rst_n' in design 'multiplier'. (UID-95)
{in4[7][3] in4[7][2] in4[7][1] in4[7][0] in4[6][3] in4[6][2] in4[6][1] in4[6][0] in4[5][3] in4[5][2] in4[5][1] in4[5][0] in4[4][3] in4[4][2] in4[4][1] in4[4][0] in4[3][3] in4[3][2] in4[3][1] in4[3][0] in4[2][3] in4[2][2] in4[2][1] in4[2][0] in4[1][3] in4[1][2] in4[1][1] in4[1][0] in4[0][3] in4[0][2] in4[0][1] in4[0][0] in8[0][7] in8[0][6] in8[0][5] in8[0][4] in8[0][3] in8[0][2] in8[0][1] in8[0][0]}
# Set clk uncertainty (skew)
set_clock_uncertainty 0.15 clk
Warning: Can't find object 'clk' in design 'multiplier'. (UID-95)
Error: Value for list 'object_list' must have 1 elements. (CMD-036)
0
#########################################
# Set input delay & drive on all inputs #
#########################################
set_input_delay -clock clk 0.25 [copy_collection $prim_inputs]
Warning: Can't find clock 'clk' in design 'multiplier'. (UID-95)
Error: Value for list '-clock' must have 1 elements. (CMD-036)
0
#set_driving_cell -lib_cell ND2D2BWP -library tcbn40lpbwptc $prim_inputs_no_rst
# rst_n goes to many places so don't touch
set_dont_touch_network [find port rst_n]
Warning: Can't find port 'rst_n' in design 'multiplier'. (UID-95)
Error: Value for list '<object_list>' must have 1 elements. (CMD-036)
0
##########################################
# Set output delay & load on all outputs #
##########################################
set_output_delay -clock clk 0.5 [all_outputs]
Warning: Can't find clock 'clk' in design 'multiplier'. (UID-95)
Error: Value for list '-clock' must have 1 elements. (CMD-036)
0
set_load 0.1 [all_outputs]
1
#############################################################
# Wire load model allows it to estimate internal parasitics #
#############################################################
# set_wire_load_model -name TSMC32K_Lowk_Conservative -library tcbn40lpbwptc
######################################################
# Max transition time is important for Hot-E reasons #
######################################################
set_max_transition 0.1 [current_design]
1
########################################
# Now actually synthesize for 1st time #
########################################
compile -map_effort medium
Warning: Setting attribute 'fix_multiple_port_nets' on design 'multiplier'. (UIO-59)
Information: Evaluating DesignWare library utilization. (UISN-27)

============================================================================
| DesignWare Building Block Library  |         Version         | Available |
============================================================================
| Basic DW Building Blocks           | S-2021.06-DWBB_202106.0 |     *     |
| Licensed DW Building Blocks        |                         |           |
============================================================================


Warning: Operating condition tt0p85v25c set on design multiplier has different process,
voltage and temperatures parameters than the parameters at which target library 
saed32io_wb_tt1p05v25c_2p5v is characterized. Delays may be inaccurate as a result. (OPT-998)

  Beginning Pass 1 Mapping
  ------------------------
  Processing 'multiplier'

  Updating timing information
Information: Updating design information... (UID-85)
Information: Design 'multiplier' has no optimization constraints set. (OPT-108)

  Beginning Implementation Selection
  ----------------------------------
  Processing 'multiplier_DW02_mult_0'
  Processing 'multiplier_DW01_add_0'
  Processing 'multiplier_DW02_mult_1'
  Processing 'multiplier_DW01_add_1'
  Processing 'multiplier_DW02_mult_2'
  Processing 'multiplier_DW01_add_2'
  Processing 'multiplier_DW02_mult_3'
  Processing 'multiplier_DW01_add_3'
  Processing 'multiplier_DW02_mult_4'
  Processing 'multiplier_DW01_add_4'
  Processing 'multiplier_DW02_mult_5'
  Processing 'multiplier_DW01_add_5'
  Processing 'multiplier_DW02_mult_6'
  Processing 'multiplier_DW01_add_6'
  Processing 'multiplier_DW02_mult_7'
  Processing 'multiplier_DW01_add_7'

  Beginning Mapping Optimizations  (Medium effort)
  -------------------------------

                                  TOTAL                                      
   ELAPSED            WORST NEG   SETUP    DESIGN                            
    TIME      AREA      SLACK     COST    RULE COST         ENDPOINT         
  --------- --------- --------- --------- --------- -------------------------
    0:00:02    2651.2      0.00       0.0       0.0                          
    0:00:02    2651.2      0.00       0.0       0.0                          
    0:00:02    2651.2      0.00       0.0       0.0                          
    0:00:02    2651.2      0.00       0.0       0.0                          
    0:00:02    2651.2      0.00       0.0       0.0                          
    0:00:02    2492.6      0.00       0.0       0.0                          
    0:00:02    2492.6      0.00       0.0       0.0                          
    0:00:02    2492.6      0.00       0.0       0.0                          
    0:00:02    2492.6      0.00       0.0       0.0                          
    0:00:02    2492.6      0.00       0.0       0.0                          
    0:00:02    2492.6      0.00       0.0       0.0                          
    0:00:02    2492.6      0.00       0.0       0.0                          
    0:00:02    2492.6      0.00       0.0       0.0                          



  Beginning Delay Optimization Phase
  ----------------------------------

                                  TOTAL                                      
   ELAPSED            WORST NEG   SETUP    DESIGN                            
    TIME      AREA      SLACK     COST    RULE COST         ENDPOINT         
  --------- --------- --------- --------- --------- -------------------------
    0:00:02    2492.6      0.00       0.0       0.0                          
    0:00:02    2492.6      0.00       0.0       0.0                          
    0:00:02    2492.6      0.00       0.0       0.0                          


  Beginning Area-Recovery Phase  (cleanup)
  -----------------------------

                                  TOTAL                                      
   ELAPSED            WORST NEG   SETUP    DESIGN                            
    TIME      AREA      SLACK     COST    RULE COST         ENDPOINT         
  --------- --------- --------- --------- --------- -------------------------
    0:00:02    2492.6      0.00       0.0       0.0                          
    0:00:02    2492.6      0.00       0.0       0.0                          
    0:00:02    2492.6      0.00       0.0       0.0                          
    0:00:02    2492.6      0.00       0.0       0.0                          
    0:00:02    2492.6      0.00       0.0       0.0                          
    0:00:02    2492.6      0.00       0.0       0.0                          
    0:00:02    2490.6      0.00       0.0       0.0                          
    0:00:02    2490.6      0.00       0.0       0.0                          
    0:00:02    2490.6      0.00       0.0       0.0                          
    0:00:02    2490.6      0.00       0.0       0.0                          
    0:00:02    2490.6      0.00       0.0       0.0                          
    0:00:02    2490.6      0.00       0.0       0.0                          


Note: Symbol # after min delay cost means estimated hold TNS across all active scenarios 


  Optimization Complete
  ---------------------
1
check_design
 
****************************************
check_design summary:
Version:     S-2021.06
Date:        Mon Oct 25 19:51:35 2021
****************************************

                   Name                                            Total
--------------------------------------------------------------------------------
Inputs/Outputs                                                     56
    Unconnected ports (LINT-28)                                    56

Cells                                                              64
    Connected to power or ground (LINT-32)                         48
    Nets connected to multiple pins on same cell (LINT-33)         16
--------------------------------------------------------------------------------

Warning: In design 'multiplier_DW02_mult_0', port 'TC' is not connected to any nets. (LINT-28)
Warning: In design 'multiplier_DW01_add_0', port 'A[9]' is not connected to any nets. (LINT-28)
Warning: In design 'multiplier_DW01_add_0', port 'B[2]' is not connected to any nets. (LINT-28)
Warning: In design 'multiplier_DW01_add_0', port 'B[1]' is not connected to any nets. (LINT-28)
Warning: In design 'multiplier_DW01_add_0', port 'B[0]' is not connected to any nets. (LINT-28)
Warning: In design 'multiplier_DW01_add_0', port 'CI' is not connected to any nets. (LINT-28)
Warning: In design 'multiplier_DW01_add_0', port 'CO' is not connected to any nets. (LINT-28)
Warning: In design 'multiplier_DW02_mult_1', port 'TC' is not connected to any nets. (LINT-28)
Warning: In design 'multiplier_DW01_add_1', port 'A[9]' is not connected to any nets. (LINT-28)
Warning: In design 'multiplier_DW01_add_1', port 'B[2]' is not connected to any nets. (LINT-28)
Warning: In design 'multiplier_DW01_add_1', port 'B[1]' is not connected to any nets. (LINT-28)
Warning: In design 'multiplier_DW01_add_1', port 'B[0]' is not connected to any nets. (LINT-28)
Warning: In design 'multiplier_DW01_add_1', port 'CI' is not connected to any nets. (LINT-28)
Warning: In design 'multiplier_DW01_add_1', port 'CO' is not connected to any nets. (LINT-28)
Warning: In design 'multiplier_DW02_mult_2', port 'TC' is not connected to any nets. (LINT-28)
Warning: In design 'multiplier_DW01_add_2', port 'A[9]' is not connected to any nets. (LINT-28)
Warning: In design 'multiplier_DW01_add_2', port 'B[2]' is not connected to any nets. (LINT-28)
Warning: In design 'multiplier_DW01_add_2', port 'B[1]' is not connected to any nets. (LINT-28)
Warning: In design 'multiplier_DW01_add_2', port 'B[0]' is not connected to any nets. (LINT-28)
Warning: In design 'multiplier_DW01_add_2', port 'CI' is not connected to any nets. (LINT-28)
Warning: In design 'multiplier_DW01_add_2', port 'CO' is not connected to any nets. (LINT-28)
Warning: In design 'multiplier_DW02_mult_3', port 'TC' is not connected to any nets. (LINT-28)
Warning: In design 'multiplier_DW01_add_3', port 'A[9]' is not connected to any nets. (LINT-28)
Warning: In design 'multiplier_DW01_add_3', port 'B[2]' is not connected to any nets. (LINT-28)
Warning: In design 'multiplier_DW01_add_3', port 'B[1]' is not connected to any nets. (LINT-28)
Warning: In design 'multiplier_DW01_add_3', port 'B[0]' is not connected to any nets. (LINT-28)
Warning: In design 'multiplier_DW01_add_3', port 'CI' is not connected to any nets. (LINT-28)
Warning: In design 'multiplier_DW01_add_3', port 'CO' is not connected to any nets. (LINT-28)
Warning: In design 'multiplier_DW02_mult_4', port 'TC' is not connected to any nets. (LINT-28)
Warning: In design 'multiplier_DW01_add_4', port 'A[9]' is not connected to any nets. (LINT-28)
Warning: In design 'multiplier_DW01_add_4', port 'B[2]' is not connected to any nets. (LINT-28)
Warning: In design 'multiplier_DW01_add_4', port 'B[1]' is not connected to any nets. (LINT-28)
Warning: In design 'multiplier_DW01_add_4', port 'B[0]' is not connected to any nets. (LINT-28)
Warning: In design 'multiplier_DW01_add_4', port 'CI' is not connected to any nets. (LINT-28)
Warning: In design 'multiplier_DW01_add_4', port 'CO' is not connected to any nets. (LINT-28)
Warning: In design 'multiplier_DW02_mult_5', port 'TC' is not connected to any nets. (LINT-28)
Warning: In design 'multiplier_DW01_add_5', port 'A[9]' is not connected to any nets. (LINT-28)
Warning: In design 'multiplier_DW01_add_5', port 'B[2]' is not connected to any nets. (LINT-28)
Warning: In design 'multiplier_DW01_add_5', port 'B[1]' is not connected to any nets. (LINT-28)
Warning: In design 'multiplier_DW01_add_5', port 'B[0]' is not connected to any nets. (LINT-28)
Warning: In design 'multiplier_DW01_add_5', port 'CI' is not connected to any nets. (LINT-28)
Warning: In design 'multiplier_DW01_add_5', port 'CO' is not connected to any nets. (LINT-28)
Warning: In design 'multiplier_DW02_mult_6', port 'TC' is not connected to any nets. (LINT-28)
Warning: In design 'multiplier_DW01_add_6', port 'A[9]' is not connected to any nets. (LINT-28)
Warning: In design 'multiplier_DW01_add_6', port 'B[2]' is not connected to any nets. (LINT-28)
Warning: In design 'multiplier_DW01_add_6', port 'B[1]' is not connected to any nets. (LINT-28)
Warning: In design 'multiplier_DW01_add_6', port 'B[0]' is not connected to any nets. (LINT-28)
Warning: In design 'multiplier_DW01_add_6', port 'CI' is not connected to any nets. (LINT-28)
Warning: In design 'multiplier_DW01_add_6', port 'CO' is not connected to any nets. (LINT-28)
Warning: In design 'multiplier_DW02_mult_7', port 'TC' is not connected to any nets. (LINT-28)
Warning: In design 'multiplier_DW01_add_7', port 'A[9]' is not connected to any nets. (LINT-28)
Warning: In design 'multiplier_DW01_add_7', port 'B[2]' is not connected to any nets. (LINT-28)
Warning: In design 'multiplier_DW01_add_7', port 'B[1]' is not connected to any nets. (LINT-28)
Warning: In design 'multiplier_DW01_add_7', port 'B[0]' is not connected to any nets. (LINT-28)
Warning: In design 'multiplier_DW01_add_7', port 'CI' is not connected to any nets. (LINT-28)
Warning: In design 'multiplier_DW01_add_7', port 'CO' is not connected to any nets. (LINT-28)
Warning: In design 'multiplier', a pin on submodule 'mult_13_G8_G1' is connected to logic 1 or logic 0. (LINT-32)
   Pin 'TC' is connected to logic 0. 
Warning: In design 'multiplier', a pin on submodule 'mult_13_G7_G1' is connected to logic 1 or logic 0. (LINT-32)
   Pin 'TC' is connected to logic 0. 
Warning: In design 'multiplier', a pin on submodule 'mult_13_G6_G1' is connected to logic 1 or logic 0. (LINT-32)
   Pin 'TC' is connected to logic 0. 
Warning: In design 'multiplier', a pin on submodule 'mult_13_G5_G1' is connected to logic 1 or logic 0. (LINT-32)
   Pin 'TC' is connected to logic 0. 
Warning: In design 'multiplier', a pin on submodule 'mult_13_G4_G1' is connected to logic 1 or logic 0. (LINT-32)
   Pin 'TC' is connected to logic 0. 
Warning: In design 'multiplier', a pin on submodule 'mult_13_G3_G1' is connected to logic 1 or logic 0. (LINT-32)
   Pin 'TC' is connected to logic 0. 
Warning: In design 'multiplier', a pin on submodule 'mult_13_G2_G1' is connected to logic 1 or logic 0. (LINT-32)
   Pin 'TC' is connected to logic 0. 
Warning: In design 'multiplier', a pin on submodule 'mult_13' is connected to logic 1 or logic 0. (LINT-32)
   Pin 'TC' is connected to logic 0. 
Warning: In design 'multiplier_DW02_mult_0', a pin on submodule 'FS_1' is connected to logic 1 or logic 0. (LINT-32)
   Pin 'A[9]' is connected to logic 0. 
Warning: In design 'multiplier_DW02_mult_0', a pin on submodule 'FS_1' is connected to logic 1 or logic 0. (LINT-32)
   Pin 'B[2]' is connected to logic 0. 
Warning: In design 'multiplier_DW02_mult_0', a pin on submodule 'FS_1' is connected to logic 1 or logic 0. (LINT-32)
   Pin 'B[1]' is connected to logic 0. 
Warning: In design 'multiplier_DW02_mult_0', a pin on submodule 'FS_1' is connected to logic 1 or logic 0. (LINT-32)
   Pin 'B[0]' is connected to logic 0. 
Warning: In design 'multiplier_DW02_mult_0', a pin on submodule 'FS_1' is connected to logic 1 or logic 0. (LINT-32)
   Pin 'CI' is connected to logic 0. 
Warning: In design 'multiplier_DW02_mult_1', a pin on submodule 'FS_1' is connected to logic 1 or logic 0. (LINT-32)
   Pin 'A[9]' is connected to logic 0. 
Warning: In design 'multiplier_DW02_mult_1', a pin on submodule 'FS_1' is connected to logic 1 or logic 0. (LINT-32)
   Pin 'B[2]' is connected to logic 0. 
Warning: In design 'multiplier_DW02_mult_1', a pin on submodule 'FS_1' is connected to logic 1 or logic 0. (LINT-32)
   Pin 'B[1]' is connected to logic 0. 
Warning: In design 'multiplier_DW02_mult_1', a pin on submodule 'FS_1' is connected to logic 1 or logic 0. (LINT-32)
   Pin 'B[0]' is connected to logic 0. 
Warning: In design 'multiplier_DW02_mult_1', a pin on submodule 'FS_1' is connected to logic 1 or logic 0. (LINT-32)
   Pin 'CI' is connected to logic 0. 
Warning: In design 'multiplier_DW02_mult_2', a pin on submodule 'FS_1' is connected to logic 1 or logic 0. (LINT-32)
   Pin 'A[9]' is connected to logic 0. 
Warning: In design 'multiplier_DW02_mult_2', a pin on submodule 'FS_1' is connected to logic 1 or logic 0. (LINT-32)
   Pin 'B[2]' is connected to logic 0. 
Warning: In design 'multiplier_DW02_mult_2', a pin on submodule 'FS_1' is connected to logic 1 or logic 0. (LINT-32)
   Pin 'B[1]' is connected to logic 0. 
Warning: In design 'multiplier_DW02_mult_2', a pin on submodule 'FS_1' is connected to logic 1 or logic 0. (LINT-32)
   Pin 'B[0]' is connected to logic 0. 
Warning: In design 'multiplier_DW02_mult_2', a pin on submodule 'FS_1' is connected to logic 1 or logic 0. (LINT-32)
   Pin 'CI' is connected to logic 0. 
Warning: In design 'multiplier_DW02_mult_3', a pin on submodule 'FS_1' is connected to logic 1 or logic 0. (LINT-32)
   Pin 'A[9]' is connected to logic 0. 
Warning: In design 'multiplier_DW02_mult_3', a pin on submodule 'FS_1' is connected to logic 1 or logic 0. (LINT-32)
   Pin 'B[2]' is connected to logic 0. 
Warning: In design 'multiplier_DW02_mult_3', a pin on submodule 'FS_1' is connected to logic 1 or logic 0. (LINT-32)
   Pin 'B[1]' is connected to logic 0. 
Warning: In design 'multiplier_DW02_mult_3', a pin on submodule 'FS_1' is connected to logic 1 or logic 0. (LINT-32)
   Pin 'B[0]' is connected to logic 0. 
Warning: In design 'multiplier_DW02_mult_3', a pin on submodule 'FS_1' is connected to logic 1 or logic 0. (LINT-32)
   Pin 'CI' is connected to logic 0. 
Warning: In design 'multiplier_DW02_mult_4', a pin on submodule 'FS_1' is connected to logic 1 or logic 0. (LINT-32)
   Pin 'A[9]' is connected to logic 0. 
Warning: In design 'multiplier_DW02_mult_4', a pin on submodule 'FS_1' is connected to logic 1 or logic 0. (LINT-32)
   Pin 'B[2]' is connected to logic 0. 
Warning: In design 'multiplier_DW02_mult_4', a pin on submodule 'FS_1' is connected to logic 1 or logic 0. (LINT-32)
   Pin 'B[1]' is connected to logic 0. 
Warning: In design 'multiplier_DW02_mult_4', a pin on submodule 'FS_1' is connected to logic 1 or logic 0. (LINT-32)
   Pin 'B[0]' is connected to logic 0. 
Warning: In design 'multiplier_DW02_mult_4', a pin on submodule 'FS_1' is connected to logic 1 or logic 0. (LINT-32)
   Pin 'CI' is connected to logic 0. 
Warning: In design 'multiplier_DW02_mult_5', a pin on submodule 'FS_1' is connected to logic 1 or logic 0. (LINT-32)
   Pin 'A[9]' is connected to logic 0. 
Warning: In design 'multiplier_DW02_mult_5', a pin on submodule 'FS_1' is connected to logic 1 or logic 0. (LINT-32)
   Pin 'B[2]' is connected to logic 0. 
Warning: In design 'multiplier_DW02_mult_5', a pin on submodule 'FS_1' is connected to logic 1 or logic 0. (LINT-32)
   Pin 'B[1]' is connected to logic 0. 
Warning: In design 'multiplier_DW02_mult_5', a pin on submodule 'FS_1' is connected to logic 1 or logic 0. (LINT-32)
   Pin 'B[0]' is connected to logic 0. 
Warning: In design 'multiplier_DW02_mult_5', a pin on submodule 'FS_1' is connected to logic 1 or logic 0. (LINT-32)
   Pin 'CI' is connected to logic 0. 
Warning: In design 'multiplier_DW02_mult_6', a pin on submodule 'FS_1' is connected to logic 1 or logic 0. (LINT-32)
   Pin 'A[9]' is connected to logic 0. 
Warning: In design 'multiplier_DW02_mult_6', a pin on submodule 'FS_1' is connected to logic 1 or logic 0. (LINT-32)
   Pin 'B[2]' is connected to logic 0. 
Warning: In design 'multiplier_DW02_mult_6', a pin on submodule 'FS_1' is connected to logic 1 or logic 0. (LINT-32)
   Pin 'B[1]' is connected to logic 0. 
Warning: In design 'multiplier_DW02_mult_6', a pin on submodule 'FS_1' is connected to logic 1 or logic 0. (LINT-32)
   Pin 'B[0]' is connected to logic 0. 
Warning: In design 'multiplier_DW02_mult_6', a pin on submodule 'FS_1' is connected to logic 1 or logic 0. (LINT-32)
   Pin 'CI' is connected to logic 0. 
Warning: In design 'multiplier_DW02_mult_7', a pin on submodule 'FS_1' is connected to logic 1 or logic 0. (LINT-32)
   Pin 'A[9]' is connected to logic 0. 
Warning: In design 'multiplier_DW02_mult_7', a pin on submodule 'FS_1' is connected to logic 1 or logic 0. (LINT-32)
   Pin 'B[2]' is connected to logic 0. 
Warning: In design 'multiplier_DW02_mult_7', a pin on submodule 'FS_1' is connected to logic 1 or logic 0. (LINT-32)
   Pin 'B[1]' is connected to logic 0. 
Warning: In design 'multiplier_DW02_mult_7', a pin on submodule 'FS_1' is connected to logic 1 or logic 0. (LINT-32)
   Pin 'B[0]' is connected to logic 0. 
Warning: In design 'multiplier_DW02_mult_7', a pin on submodule 'FS_1' is connected to logic 1 or logic 0. (LINT-32)
   Pin 'CI' is connected to logic 0. 
Warning: In design 'multiplier_DW02_mult_0', the same net is connected to more than one pin on submodule 'FS_1'. (LINT-33)
   Net 'n8' is connected to pins 'A[9]', 'B[2]''.
Warning: In design 'multiplier_DW02_mult_0', the same net is connected to more than one pin on submodule 'FS_1'. (LINT-33)
   Net '*Logic0*' is connected to pins 'B[0]', 'CI''.
Warning: In design 'multiplier_DW02_mult_1', the same net is connected to more than one pin on submodule 'FS_1'. (LINT-33)
   Net 'n8' is connected to pins 'A[9]', 'B[2]''.
Warning: In design 'multiplier_DW02_mult_1', the same net is connected to more than one pin on submodule 'FS_1'. (LINT-33)
   Net '*Logic0*' is connected to pins 'B[0]', 'CI''.
Warning: In design 'multiplier_DW02_mult_2', the same net is connected to more than one pin on submodule 'FS_1'. (LINT-33)
   Net 'n8' is connected to pins 'A[9]', 'B[2]''.
Warning: In design 'multiplier_DW02_mult_2', the same net is connected to more than one pin on submodule 'FS_1'. (LINT-33)
   Net '*Logic0*' is connected to pins 'B[0]', 'CI''.
Warning: In design 'multiplier_DW02_mult_3', the same net is connected to more than one pin on submodule 'FS_1'. (LINT-33)
   Net 'n8' is connected to pins 'A[9]', 'B[2]''.
Warning: In design 'multiplier_DW02_mult_3', the same net is connected to more than one pin on submodule 'FS_1'. (LINT-33)
   Net '*Logic0*' is connected to pins 'B[0]', 'CI''.
Warning: In design 'multiplier_DW02_mult_4', the same net is connected to more than one pin on submodule 'FS_1'. (LINT-33)
   Net 'n8' is connected to pins 'A[9]', 'B[2]''.
Warning: In design 'multiplier_DW02_mult_4', the same net is connected to more than one pin on submodule 'FS_1'. (LINT-33)
   Net '*Logic0*' is connected to pins 'B[0]', 'CI''.
Warning: In design 'multiplier_DW02_mult_5', the same net is connected to more than one pin on submodule 'FS_1'. (LINT-33)
   Net 'n8' is connected to pins 'A[9]', 'B[2]''.
Warning: In design 'multiplier_DW02_mult_5', the same net is connected to more than one pin on submodule 'FS_1'. (LINT-33)
   Net '*Logic0*' is connected to pins 'B[0]', 'CI''.
Warning: In design 'multiplier_DW02_mult_6', the same net is connected to more than one pin on submodule 'FS_1'. (LINT-33)
   Net 'n8' is connected to pins 'A[9]', 'B[2]''.
Warning: In design 'multiplier_DW02_mult_6', the same net is connected to more than one pin on submodule 'FS_1'. (LINT-33)
   Net '*Logic0*' is connected to pins 'B[0]', 'CI''.
Warning: In design 'multiplier_DW02_mult_7', the same net is connected to more than one pin on submodule 'FS_1'. (LINT-33)
   Net 'n8' is connected to pins 'A[9]', 'B[2]''.
Warning: In design 'multiplier_DW02_mult_7', the same net is connected to more than one pin on submodule 'FS_1'. (LINT-33)
   Net '*Logic0*' is connected to pins 'B[0]', 'CI''.
1
# Unflatten design now that its compiled
ungroup -all -flatten
Information: Updating graph... (UID-83)
1
# force hold time to be met for all flops
set_fix_hold clk
Warning: Can't find clock 'clk' in design 'multiplier'. (UID-95)
Error: Value for list '<clock_list>' must have 1 elements. (CMD-036)
0
# Compile again with higher effort
compile -map_effort high

Information: There are 32 potential problems in your design. Please run 'check_design' for more information. (LINT-99)


Warning: Operating condition tt0p85v25c set on design multiplier has different process,
voltage and temperatures parameters than the parameters at which target library 
saed32io_wb_tt1p05v25c_2p5v is characterized. Delays may be inaccurate as a result. (OPT-998)

  Beginning Pass 1 Mapping
  ------------------------
  Processing 'multiplier'

  Updating timing information
Information: Updating design information... (UID-85)
Information: Design 'multiplier' has no optimization constraints set. (OPT-108)

  Beginning Mapping Optimizations  (High effort)
  -------------------------------
  Structuring 'multiplier'
  Mapping 'multiplier'

                                  TOTAL                                      
   ELAPSED            WORST NEG   SETUP    DESIGN                            
    TIME      AREA      SLACK     COST    RULE COST         ENDPOINT         
  --------- --------- --------- --------- --------- -------------------------
    0:00:01    2169.4      0.00       0.0       1.2                          
    0:00:01    2169.4      0.00       0.0       1.2                          
    0:00:01    2169.4      0.00       0.0       1.2                          
    0:00:01    2169.4      0.00       0.0       1.2                          
    0:00:01    2169.4      0.00       0.0       1.2                          
    0:00:01    2169.4      0.00       0.0       1.2                          
    0:00:01    2169.4      0.00       0.0       1.2                          
    0:00:01    2169.4      0.00       0.0       1.2                          
    0:00:01    2169.4      0.00       0.0       1.2                          
    0:00:01    2169.4      0.00       0.0       1.2                          
    0:00:01    2169.4      0.00       0.0       1.2                          
    0:00:01    2169.4      0.00       0.0       1.2                          



  Beginning Delay Optimization Phase
  ----------------------------------

                                  TOTAL                                      
   ELAPSED            WORST NEG   SETUP    DESIGN                            
    TIME      AREA      SLACK     COST    RULE COST         ENDPOINT         
  --------- --------- --------- --------- --------- -------------------------
    0:00:01    2169.4      0.00       0.0       1.2                          
    0:00:01    2169.4      0.00       0.0       1.2                          
    0:00:01    2169.4      0.00       0.0       1.2                          


  Beginning Design Rule Fixing  (max_transition)
  ----------------------------

                                  TOTAL                                      
   ELAPSED            WORST NEG   SETUP    DESIGN                            
    TIME      AREA      SLACK     COST    RULE COST         ENDPOINT         
  --------- --------- --------- --------- --------- -------------------------
    0:00:01    2169.4      0.00       0.0       1.2                          


  Beginning Area-Recovery Phase  (cleanup)
  -----------------------------

                                  TOTAL                                      
   ELAPSED            WORST NEG   SETUP    DESIGN                            
    TIME      AREA      SLACK     COST    RULE COST         ENDPOINT         
  --------- --------- --------- --------- --------- -------------------------
    0:00:01    2169.4      0.00       0.0       1.2                          
    0:00:01    2169.4      0.00       0.0       1.2                          
    0:00:01    2169.4      0.00       0.0       1.2                          
    0:00:01    2169.4      0.00       0.0       1.2                          
    0:00:01    2169.4      0.00       0.0       1.2                          
    0:00:01    2169.4      0.00       0.0       1.2                          
    0:00:01    2169.4      0.00       0.0       1.2                          
    0:00:01    2169.4      0.00       0.0       1.2                          
    0:00:01    2169.4      0.00       0.0       1.2                          
    0:00:01    2169.4      0.00       0.0       1.2                          
    0:00:01    2169.4      0.00       0.0       1.2                          


Note: Symbol # after min delay cost means estimated hold TNS across all active scenarios 


  Optimization Complete
  ---------------------
1
check_design
1
#############################################
# Take a look at area, max, and min timings #
#############################################
report_area > multiplier_area.txt
report_power > multiplier_power.txt
report_timing -delay min > multiplier_min_delay.txt
report_timing -delay max > multiplier_max_delay.txt
#### write out final netlist ######
write -format verilog multiplier -output multiplier.vg
Writing verilog file '/filespace/z/zpan52/Desktop/syn_script/synthesis/32nm_rvt/all/baslineMul_smallA/multiplier.vg'.
1
exit
Memory usage for this session 153 Mbytes.
Memory usage for this session including child processes 153 Mbytes.
CPU usage for this session 6 seconds ( 0.00 hours ).
Elapsed time for this session 8 seconds ( 0.00 hours ).

Thank you...
